<?xml version="1.0" encoding="UTF-8"?>
<testng-results skipped="0" failed="1" total="1" passed="0">
  <reporter-output>
  </reporter-output>
  <suite name="Default suite" duration-ms="209554" started-at="2018-01-05T06:21:12Z" finished-at="2018-01-05T06:24:41Z">
    <groups>
      <group name="regression">
        <method signature="HOOQ_Web_ActiveUser_Subscription_CashCard.HOOQ_Web_ActiveUser_Subscription_CashCard()[pri:0, instance:tv.hooq.web.scripts.HOOQ_Web_ActiveUser_Subscription_CashCard@2d6eabae]" name="HOOQ_Web_ActiveUser_Subscription_CashCard" class="tv.hooq.web.scripts.HOOQ_Web_ActiveUser_Subscription_CashCard"/>
      </group> <!-- regression -->
      <group name="smoke">
        <method signature="HOOQ_Web_ActiveUser_Subscription_CashCard.HOOQ_Web_ActiveUser_Subscription_CashCard()[pri:0, instance:tv.hooq.web.scripts.HOOQ_Web_ActiveUser_Subscription_CashCard@2d6eabae]" name="HOOQ_Web_ActiveUser_Subscription_CashCard" class="tv.hooq.web.scripts.HOOQ_Web_ActiveUser_Subscription_CashCard"/>
      </group> <!-- smoke -->
    </groups>
    <test name="Default test" duration-ms="209554" started-at="2018-01-05T06:21:12Z" finished-at="2018-01-05T06:24:41Z">
      <class name="tv.hooq.web.scripts.HOOQ_Web_ActiveUser_Subscription_CashCard">
        <test-method status="PASS" signature="beforeSuite(org.testng.ITestContext)[pri:0, instance:tv.hooq.web.scripts.HOOQ_Web_ActiveUser_Subscription_CashCard@2d6eabae]" name="beforeSuite" is-config="true" duration-ms="114" started-at="2018-01-05T11:51:12Z" finished-at="2018-01-05T11:51:12Z">
          <params>
            <param index="0">
              <value>
                <![CDATA[org.testng.TestRunner@772485dd]]>
              </value>
            </param>
          </params>
          <reporter-output>
          </reporter-output>
        </test-method> <!-- beforeSuite -->
        <test-method status="PASS" signature="beforeTest(org.testng.ITestContext)[pri:0, instance:tv.hooq.web.scripts.HOOQ_Web_ActiveUser_Subscription_CashCard@2d6eabae]" name="beforeTest" is-config="true" duration-ms="1610" started-at="2018-01-05T11:51:12Z" finished-at="2018-01-05T11:51:13Z">
          <params>
            <param index="0">
              <value>
                <![CDATA[org.testng.TestRunner@772485dd]]>
              </value>
            </param>
          </params>
          <reporter-output>
          </reporter-output>
        </test-method> <!-- beforeTest -->
        <test-method status="PASS" signature="beforeClass()[pri:0, instance:tv.hooq.web.scripts.HOOQ_Web_ActiveUser_Subscription_CashCard@2d6eabae]" name="beforeClass" is-config="true" duration-ms="47469" started-at="2018-01-05T11:51:13Z" finished-at="2018-01-05T11:52:01Z">
          <reporter-output>
          </reporter-output>
        </test-method> <!-- beforeClass -->
        <test-method status="PASS" signature="beforeMethod(java.lang.reflect.Method)[pri:0, instance:tv.hooq.web.scripts.HOOQ_Web_ActiveUser_Subscription_CashCard@2d6eabae]" name="beforeMethod" is-config="true" duration-ms="377" started-at="2018-01-05T11:52:01Z" finished-at="2018-01-05T11:52:01Z">
          <params>
            <param index="0">
              <value>
                <![CDATA[public void tv.hooq.web.scripts.HOOQ_Web_ActiveUser_Subscription_CashCard.HOOQ_Web_ActiveUser_Subscription_CashCard() throws java.lang.Throwable]]>
              </value>
            </param>
          </params>
          <reporter-output>
          </reporter-output>
        </test-method> <!-- beforeMethod -->
        <test-method status="PASS" signature="beforeMethod(java.lang.String, java.lang.String, java.lang.String, java.lang.String)[pri:0, instance:tv.hooq.web.scripts.HOOQ_Web_ActiveUser_Subscription_CashCard@2d6eabae]" name="beforeMethod" is-config="true" duration-ms="1856" started-at="2018-01-05T11:52:01Z" finished-at="2018-01-05T11:52:03Z">
          <params>
            <param index="0">
              <value>
                <![CDATA[IN]]>
              </value>
            </param>
            <param index="1">
              <value>
                <![CDATA[FREE]]>
              </value>
            </param>
            <param index="2">
              <value>
                <![CDATA[1Month]]>
              </value>
            </param>
            <param index="3">
              <value>
                <![CDATA[INR89]]>
              </value>
            </param>
          </params>
          <reporter-output>
          </reporter-output>
        </test-method> <!-- beforeMethod -->
        <test-method status="FAIL" signature="HOOQ_Web_ActiveUser_Subscription_CashCard()[pri:0, instance:tv.hooq.web.scripts.HOOQ_Web_ActiveUser_Subscription_CashCard@2d6eabae]" name="HOOQ_Web_ActiveUser_Subscription_CashCard" duration-ms="150925" started-at="2018-01-05T11:52:03Z" description="HOOQ" finished-at="2018-01-05T11:54:34Z">
          <exception class="java.lang.AssertionError">
            <message>
              <![CDATA[Test Case Failed because - Failed to complete HOOQ Web ActiveUser SubscriptionSection]]>
            </message>
            <full-stacktrace>
              <![CDATA[java.lang.AssertionError: Test Case Failed because - Failed to complete HOOQ Web ActiveUser SubscriptionSection
	at org.testng.Assert.fail(Assert.java:94)
	at tv.hooq.web.scripts.HOOQ_Web_ActiveUser_Subscription_CashCard.TestCaseStatus(HOOQ_Web_ActiveUser_Subscription_CashCard.java:37)
	at tv.hooq.web.scripts.HOOQ_Web_ActiveUser_Subscription_CashCard.HOOQ_Web_ActiveUser_Subscription_CashCard(HOOQ_Web_ActiveUser_Subscription_CashCard.java:86)
	at sun.reflect.NativeMethodAccessorImpl.invoke0(Native Method)
	at sun.reflect.NativeMethodAccessorImpl.invoke(NativeMethodAccessorImpl.java:62)
	at sun.reflect.DelegatingMethodAccessorImpl.invoke(DelegatingMethodAccessorImpl.java:43)
	at java.lang.reflect.Method.invoke(Method.java:498)
	at org.testng.internal.MethodInvocationHelper.invokeMethod(MethodInvocationHelper.java:86)
	at org.testng.internal.Invoker.invokeMethod(Invoker.java:643)
	at org.testng.internal.Invoker.invokeTestMethod(Invoker.java:820)
	at org.testng.internal.Invoker.invokeTestMethods(Invoker.java:1128)
	at org.testng.internal.TestMethodWorker.invokeTestMethods(TestMethodWorker.java:129)
	at org.testng.internal.TestMethodWorker.run(TestMethodWorker.java:112)
	at org.testng.TestRunner.privateRun(TestRunner.java:782)
	at org.testng.TestRunner.run(TestRunner.java:632)
	at org.testng.SuiteRunner.runTest(SuiteRunner.java:366)
	at org.testng.SuiteRunner.runSequentially(SuiteRunner.java:361)
	at org.testng.SuiteRunner.privateRun(SuiteRunner.java:319)
	at org.testng.SuiteRunner.run(SuiteRunner.java:268)
	at org.testng.SuiteRunnerWorker.runSuite(SuiteRunnerWorker.java:52)
	at org.testng.SuiteRunnerWorker.run(SuiteRunnerWorker.java:86)
	at org.testng.TestNG.runSuitesSequentially(TestNG.java:1244)
	at org.testng.TestNG.runSuitesLocally(TestNG.java:1169)
	at org.testng.TestNG.run(TestNG.java:1064)
	at org.apache.maven.surefire.testng.TestNGExecutor.run(TestNGExecutor.java:283)
	at org.apache.maven.surefire.testng.TestNGXmlTestSuite.execute(TestNGXmlTestSuite.java:75)
	at org.apache.maven.surefire.testng.TestNGProvider.invoke(TestNGProvider.java:120)
	at org.apache.maven.surefire.booter.ForkedBooter.invokeProviderInSameClassLoader(ForkedBooter.java:386)
	at org.apache.maven.surefire.booter.ForkedBooter.runSuitesInProcess(ForkedBooter.java:323)
	at org.apache.maven.surefire.booter.ForkedBooter.main(ForkedBooter.java:143)
]]>
            </full-stacktrace>
          </exception> <!-- java.lang.AssertionError -->
          <reporter-output>
          </reporter-output>
        </test-method> <!-- HOOQ_Web_ActiveUser_Subscription_CashCard -->
        <test-method status="PASS" signature="afterMethod(java.lang.reflect.Method, org.testng.ITestResult)[pri:0, instance:tv.hooq.web.scripts.HOOQ_Web_ActiveUser_Subscription_CashCard@2d6eabae]" name="afterMethod" is-config="true" duration-ms="285" started-at="2018-01-05T11:54:34Z" finished-at="2018-01-05T11:54:34Z">
          <params>
            <param index="0">
              <value>
                <![CDATA[public void tv.hooq.web.scripts.HOOQ_Web_ActiveUser_Subscription_CashCard.HOOQ_Web_ActiveUser_Subscription_CashCard() throws java.lang.Throwable]]>
              </value>
            </param>
            <param index="1">
              <value>
                <![CDATA[[TestResult name=HOOQ_Web_ActiveUser_Subscription_CashCard status=FAILURE method=HOOQ_Web_ActiveUser_Subscription_CashCard.HOOQ_Web_ActiveUser_Subscription_CashCard()[pri:0, instance:tv.hooq.web.scripts.HOOQ_Web_ActiveUser_Subscription_CashCard@2d6eabae] output={null}]]]>
              </value>
            </param>
          </params>
          <reporter-output>
          </reporter-output>
        </test-method> <!-- afterMethod -->
        <test-method status="PASS" signature="afterClass()[pri:0, instance:tv.hooq.web.scripts.HOOQ_Web_ActiveUser_Subscription_CashCard@2d6eabae]" name="afterClass" is-config="true" duration-ms="5005" started-at="2018-01-05T11:54:34Z" finished-at="2018-01-05T11:54:39Z">
          <reporter-output>
          </reporter-output>
        </test-method> <!-- afterClass -->
        <test-method status="PASS" signature="afterTest()[pri:0, instance:tv.hooq.web.scripts.HOOQ_Web_ActiveUser_Subscription_CashCard@2d6eabae]" name="afterTest" is-config="true" duration-ms="2010" started-at="2018-01-05T11:54:39Z" finished-at="2018-01-05T11:54:41Z">
          <reporter-output>
          </reporter-output>
        </test-method> <!-- afterTest -->
        <test-method status="PASS" signature="afterSuite()[pri:0, instance:tv.hooq.web.scripts.HOOQ_Web_ActiveUser_Subscription_CashCard@2d6eabae]" name="afterSuite" is-config="true" duration-ms="90" started-at="2018-01-05T11:54:41Z" finished-at="2018-01-05T11:54:41Z">
          <reporter-output>
          </reporter-output>
        </test-method> <!-- afterSuite -->
      </class> <!-- tv.hooq.web.scripts.HOOQ_Web_ActiveUser_Subscription_CashCard -->
    </test> <!-- Default test -->
  </suite> <!-- Default suite -->
</testng-results>
