<?xml version="1.0" encoding="UTF-8"?>
<!-- Generated by org.testng.reporters.JUnitReportReporter -->
<testsuite hostname="CTLINDT-0792" name="tv.hooq.web.scripts.HOOQ_Web_ActiveUser_Subscription_DebitCard" tests="1" failures="1" timestamp="17 Jan 2018 11:53:08 GMT" time="259.322" errors="0">
  <testcase name="HOOQ_Web_ActiveUser_Subscription_DebitCard" time="259.322" classname="tv.hooq.web.scripts.HOOQ_Web_ActiveUser_Subscription_DebitCard">
    <failure type="com.google.api.client.googleapis.json.GoogleJsonResponseException" message="400 Bad Request
{
  &quot;code&quot; : 400,
  &quot;errors&quot; : [ {
    &quot;domain&quot; : &quot;global&quot;,
    &quot;message&quot; : &quot;Invalid data[0]: Unable to parse range: Reg_Prod_Web_Chrome_IN!G0:G0&quot;,
    &quot;reason&quot; : &quot;badRequest&quot;
  } ],
  &quot;message&quot; : &quot;Invalid data[0]: Unable to parse range: Reg_Prod_Web_Chrome_IN!G0:G0&quot;,
  &quot;status&quot; : &quot;INVALID_ARGUMENT&quot;
}">
      <![CDATA[com.google.api.client.googleapis.json.GoogleJsonResponseException: 400 Bad Request
{
  "code" : 400,
  "errors" : [ {
    "domain" : "global",
    "message" : "Invalid data[0]: Unable to parse range: Reg_Prod_Web_Chrome_IN!G0:G0",
    "reason" : "badRequest"
  } ],
  "message" : "Invalid data[0]: Unable to parse range: Reg_Prod_Web_Chrome_IN!G0:G0",
  "status" : "INVALID_ARGUMENT"
}
	at com.google.api.client.googleapis.json.GoogleJsonResponseException.from(GoogleJsonResponseException.java:146)
	at com.google.api.client.googleapis.services.json.AbstractGoogleJsonClientRequest.newExceptionOnError(AbstractGoogleJsonClientRequest.java:113)
	at com.google.api.client.googleapis.services.json.AbstractGoogleJsonClientRequest.newExceptionOnError(AbstractGoogleJsonClientRequest.java:40)
	at com.google.api.client.googleapis.services.AbstractGoogleClientRequest$1.interceptResponse(AbstractGoogleClientRequest.java:321)
	at com.google.api.client.http.HttpRequest.execute(HttpRequest.java:1065)
	at com.google.api.client.googleapis.services.AbstractGoogleClientRequest.executeUnparsed(AbstractGoogleClientRequest.java:419)
	at com.google.api.client.googleapis.services.AbstractGoogleClientRequest.executeUnparsed(AbstractGoogleClientRequest.java:352)
	at com.google.api.client.googleapis.services.AbstractGoogleClientRequest.execute(AbstractGoogleClientRequest.java:469)
	at com.web.automation.googledrive.GoogleDriveAPI.updateContentData(GoogleDriveAPI.java:425)
	at com.web.automation.googledrive.ReportStatus.fnUpdateResultStatus(ReportStatus.java:39)
	at tv.hooq.web.scripts.HOOQ_Web_ActiveUser_Subscription_DebitCard.HOOQ_Web_ActiveUser_Subscription_DebitCard(HOOQ_Web_ActiveUser_Subscription_DebitCard.java:91)
	at sun.reflect.NativeMethodAccessorImpl.invoke0(Native Method)
	at sun.reflect.NativeMethodAccessorImpl.invoke(NativeMethodAccessorImpl.java:62)
	at sun.reflect.DelegatingMethodAccessorImpl.invoke(DelegatingMethodAccessorImpl.java:43)
	at java.lang.reflect.Method.invoke(Method.java:498)
	at org.testng.internal.MethodInvocationHelper.invokeMethod(MethodInvocationHelper.java:84)
	at org.testng.internal.Invoker.invokeMethod(Invoker.java:714)
	at org.testng.internal.Invoker.invokeTestMethod(Invoker.java:901)
	at org.testng.internal.Invoker.invokeTestMethods(Invoker.java:1231)
	at org.testng.internal.TestMethodWorker.invokeTestMethods(TestMethodWorker.java:127)
	at org.testng.internal.TestMethodWorker.run(TestMethodWorker.java:111)
	at org.testng.TestRunner.privateRun(TestRunner.java:767)
	at org.testng.TestRunner.run(TestRunner.java:617)
	at org.testng.SuiteRunner.runTest(SuiteRunner.java:334)
	at org.testng.SuiteRunner.runSequentially(SuiteRunner.java:329)
	at org.testng.SuiteRunner.privateRun(SuiteRunner.java:291)
	at org.testng.SuiteRunner.run(SuiteRunner.java:240)
	at org.testng.SuiteRunnerWorker.runSuite(SuiteRunnerWorker.java:52)
	at org.testng.SuiteRunnerWorker.run(SuiteRunnerWorker.java:86)
	at org.testng.TestNG.runSuitesSequentially(TestNG.java:1224)
	at org.testng.TestNG.runSuitesLocally(TestNG.java:1149)
	at org.testng.TestNG.run(TestNG.java:1057)
	at org.testng.remote.RemoteTestNG.run(RemoteTestNG.java:111)
	at org.testng.remote.RemoteTestNG.initAndRun(RemoteTestNG.java:204)
	at org.testng.remote.RemoteTestNG.main(RemoteTestNG.java:175)
]]>
    </failure>
  </testcase> <!-- HOOQ_Web_ActiveUser_Subscription_DebitCard -->
</testsuite> <!-- tv.hooq.web.scripts.HOOQ_Web_ActiveUser_Subscription_DebitCard -->
