<?xml version="1.0" encoding="UTF-8"?>
<!-- Generated by org.testng.reporters.JUnitReportReporter -->
<testsuite hostname="HW1374" name="tv.hooq.web.scripts.HOOQ_Web_LapsedUser_PlayPremiumContent" tests="1" failures="1" timestamp="2 Nov 2017 13:55:23 GMT" time="95.291" errors="0">
  <testcase name="HOOQ_Web_LapsedUser_PlayPremiumContent" time="95.291" classname="tv.hooq.web.scripts.HOOQ_Web_LapsedUser_PlayPremiumContent">
    <failure type="java.lang.AssertionError" message="Test Case Failed because - Failed to complete HOOQ Web ActiveUser Adding Favourite Movies">
      <![CDATA[java.lang.AssertionError: Test Case Failed because - Failed to complete HOOQ Web ActiveUser Adding Favourite Movies
	at org.testng.Assert.fail(Assert.java:94)
	at tv.hooq.web.scripts.HOOQ_Web_LapsedUser_PlayPremiumContent.TestCaseStatus(HOOQ_Web_LapsedUser_PlayPremiumContent.java:32)
	at tv.hooq.web.scripts.HOOQ_Web_LapsedUser_PlayPremiumContent.HOOQ_Web_LapsedUser_PlayPremiumContent(HOOQ_Web_LapsedUser_PlayPremiumContent.java:84)
	at sun.reflect.NativeMethodAccessorImpl.invoke0(Native Method)
	at sun.reflect.NativeMethodAccessorImpl.invoke(Unknown Source)
	at sun.reflect.DelegatingMethodAccessorImpl.invoke(Unknown Source)
	at java.lang.reflect.Method.invoke(Unknown Source)
	at org.testng.internal.MethodInvocationHelper.invokeMethod(MethodInvocationHelper.java:86)
	at org.testng.internal.Invoker.invokeMethod(Invoker.java:643)
	at org.testng.internal.Invoker.invokeTestMethod(Invoker.java:820)
	at org.testng.internal.Invoker.invokeTestMethods(Invoker.java:1128)
	at org.testng.internal.TestMethodWorker.invokeTestMethods(TestMethodWorker.java:129)
	at org.testng.internal.TestMethodWorker.run(TestMethodWorker.java:112)
	at org.testng.TestRunner.privateRun(TestRunner.java:782)
	at org.testng.TestRunner.run(TestRunner.java:632)
	at org.testng.SuiteRunner.runTest(SuiteRunner.java:366)
	at org.testng.SuiteRunner.runSequentially(SuiteRunner.java:361)
	at org.testng.SuiteRunner.privateRun(SuiteRunner.java:319)
	at org.testng.SuiteRunner.run(SuiteRunner.java:268)
	at org.testng.SuiteRunnerWorker.runSuite(SuiteRunnerWorker.java:52)
	at org.testng.SuiteRunnerWorker.run(SuiteRunnerWorker.java:86)
	at org.testng.TestNG.runSuitesSequentially(TestNG.java:1244)
	at org.testng.TestNG.runSuitesLocally(TestNG.java:1169)
	at org.testng.TestNG.run(TestNG.java:1064)
	at org.testng.remote.AbstractRemoteTestNG.run(AbstractRemoteTestNG.java:132)
	at org.testng.remote.RemoteTestNG.initAndRun(RemoteTestNG.java:230)
	at org.testng.remote.RemoteTestNG.main(RemoteTestNG.java:76)
]]>
    </failure>
  </testcase> <!-- HOOQ_Web_LapsedUser_PlayPremiumContent -->
</testsuite> <!-- tv.hooq.web.scripts.HOOQ_Web_LapsedUser_PlayPremiumContent -->
