<?xml version="1.0" encoding="UTF-8"?>
<!-- Generated by org.testng.reporters.JUnitReportReporter -->
<testsuite hostname="HW1374" name="tv.hooq.web.scripts.HOOQ_Web_LoginWithInvalidOTP" tests="1" failures="0" timestamp="10 Nov 2017 11:10:04 GMT" time="68.580" errors="1">
  <testcase name="HOOQ_Web_LoginWithInvalidOTP" time="68.580" classname="tv.hooq.web.scripts.HOOQ_Web_LoginWithInvalidOTP">
    <error type="java.io.FileNotFoundException" message="E:\HOOQ_WEB_NEW\HOOQ_WEB_API_TEST_Sanity\src\main\java\com\web\automation\googledrive\client_secret.json (The system cannot find the path specified)">
      <![CDATA[java.io.FileNotFoundException: E:\HOOQ_WEB_NEW\HOOQ_WEB_API_TEST_Sanity\src\main\java\com\web\automation\googledrive\client_secret.json (The system cannot find the path specified)
	at java.io.FileInputStream.open0(Native Method)
	at java.io.FileInputStream.open(Unknown Source)
	at java.io.FileInputStream.<init>(Unknown Source)
	at java.io.FileInputStream.<init>(Unknown Source)
	at com.web.automation.googledrive.GoogleDriveAPI.authorize(GoogleDriveAPI.java:84)
	at com.web.automation.googledrive.GoogleDriveAPI.getSheetsService(GoogleDriveAPI.java:109)
	at com.web.automation.googledrive.GoogleDriveAPI.fnGetRowNo(GoogleDriveAPI.java:550)
	at com.web.automation.googledrive.ReportStatus.fnUpdateResultStatus(ReportStatus.java:11)
	at tv.hooq.web.scripts.HOOQ_Web_LoginWithInvalidOTP.HOOQ_Web_LoginWithInvalidOTP(HOOQ_Web_LoginWithInvalidOTP.java:63)
	at sun.reflect.NativeMethodAccessorImpl.invoke0(Native Method)
	at sun.reflect.NativeMethodAccessorImpl.invoke(Unknown Source)
	at sun.reflect.DelegatingMethodAccessorImpl.invoke(Unknown Source)
	at java.lang.reflect.Method.invoke(Unknown Source)
	at org.testng.internal.MethodInvocationHelper.invokeMethod(MethodInvocationHelper.java:86)
	at org.testng.internal.Invoker.invokeMethod(Invoker.java:643)
	at org.testng.internal.Invoker.invokeTestMethod(Invoker.java:820)
	at org.testng.internal.Invoker.invokeTestMethods(Invoker.java:1128)
	at org.testng.internal.TestMethodWorker.invokeTestMethods(TestMethodWorker.java:129)
	at org.testng.internal.TestMethodWorker.run(TestMethodWorker.java:112)
	at org.testng.TestRunner.privateRun(TestRunner.java:782)
	at org.testng.TestRunner.run(TestRunner.java:632)
	at org.testng.SuiteRunner.runTest(SuiteRunner.java:366)
	at org.testng.SuiteRunner.runSequentially(SuiteRunner.java:361)
	at org.testng.SuiteRunner.privateRun(SuiteRunner.java:319)
	at org.testng.SuiteRunner.run(SuiteRunner.java:268)
	at org.testng.SuiteRunnerWorker.runSuite(SuiteRunnerWorker.java:52)
	at org.testng.SuiteRunnerWorker.run(SuiteRunnerWorker.java:86)
	at org.testng.TestNG.runSuitesSequentially(TestNG.java:1244)
	at org.testng.TestNG.runSuitesLocally(TestNG.java:1169)
	at org.testng.TestNG.run(TestNG.java:1064)
	at org.testng.remote.AbstractRemoteTestNG.run(AbstractRemoteTestNG.java:132)
	at org.testng.remote.RemoteTestNG.initAndRun(RemoteTestNG.java:230)
	at org.testng.remote.RemoteTestNG.main(RemoteTestNG.java:76)
]]>
    </error>
  </testcase> <!-- HOOQ_Web_LoginWithInvalidOTP -->
</testsuite> <!-- tv.hooq.web.scripts.HOOQ_Web_LoginWithInvalidOTP -->
