<?xml version="1.0" encoding="UTF-8"?>
<!-- Generated by org.testng.reporters.JUnitReportReporter -->
<testsuite hostname="CTLINDT-0792" name="tv.hooq.web.scripts.HOOQ_Web_ActiveUser_Subscription_CashCard" tests="1" failures="1" timestamp="5 Jan 2018 06:24:42 GMT" time="153.443" errors="0">
  <testcase name="HOOQ_Web_ActiveUser_Subscription_CashCard" time="153.443" classname="tv.hooq.web.scripts.HOOQ_Web_ActiveUser_Subscription_CashCard">
    <failure type="java.lang.AssertionError" message="Test Case Failed because - Failed to complete HOOQ Web ActiveUser SubscriptionSection">
      <![CDATA[java.lang.AssertionError: Test Case Failed because - Failed to complete HOOQ Web ActiveUser SubscriptionSection
	at org.testng.Assert.fail(Assert.java:94)
	at tv.hooq.web.scripts.HOOQ_Web_ActiveUser_Subscription_CashCard.TestCaseStatus(HOOQ_Web_ActiveUser_Subscription_CashCard.java:37)
	at tv.hooq.web.scripts.HOOQ_Web_ActiveUser_Subscription_CashCard.HOOQ_Web_ActiveUser_Subscription_CashCard(HOOQ_Web_ActiveUser_Subscription_CashCard.java:86)
	at sun.reflect.NativeMethodAccessorImpl.invoke0(Native Method)
	at sun.reflect.NativeMethodAccessorImpl.invoke(NativeMethodAccessorImpl.java:62)
	at sun.reflect.DelegatingMethodAccessorImpl.invoke(DelegatingMethodAccessorImpl.java:43)
	at java.lang.reflect.Method.invoke(Method.java:498)
	at org.testng.internal.MethodInvocationHelper.invokeMethod(MethodInvocationHelper.java:86)
	at org.testng.internal.Invoker.invokeMethod(Invoker.java:643)
	at org.testng.internal.Invoker.invokeTestMethod(Invoker.java:820)
	at org.testng.internal.Invoker.invokeTestMethods(Invoker.java:1128)
	at org.testng.internal.TestMethodWorker.invokeTestMethods(TestMethodWorker.java:129)
	at org.testng.internal.TestMethodWorker.run(TestMethodWorker.java:112)
	at org.testng.TestRunner.privateRun(TestRunner.java:782)
	at org.testng.TestRunner.run(TestRunner.java:632)
	at org.testng.SuiteRunner.runTest(SuiteRunner.java:366)
	at org.testng.SuiteRunner.runSequentially(SuiteRunner.java:361)
	at org.testng.SuiteRunner.privateRun(SuiteRunner.java:319)
	at org.testng.SuiteRunner.run(SuiteRunner.java:268)
	at org.testng.SuiteRunnerWorker.runSuite(SuiteRunnerWorker.java:52)
	at org.testng.SuiteRunnerWorker.run(SuiteRunnerWorker.java:86)
	at org.testng.TestNG.runSuitesSequentially(TestNG.java:1244)
	at org.testng.TestNG.runSuitesLocally(TestNG.java:1169)
	at org.testng.TestNG.run(TestNG.java:1064)
	at org.apache.maven.surefire.testng.TestNGExecutor.run(TestNGExecutor.java:283)
	at org.apache.maven.surefire.testng.TestNGXmlTestSuite.execute(TestNGXmlTestSuite.java:75)
	at org.apache.maven.surefire.testng.TestNGProvider.invoke(TestNGProvider.java:120)
	at org.apache.maven.surefire.booter.ForkedBooter.invokeProviderInSameClassLoader(ForkedBooter.java:386)
	at org.apache.maven.surefire.booter.ForkedBooter.runSuitesInProcess(ForkedBooter.java:323)
	at org.apache.maven.surefire.booter.ForkedBooter.main(ForkedBooter.java:143)
]]>
    </failure>
  </testcase> <!-- HOOQ_Web_ActiveUser_Subscription_CashCard -->
</testsuite> <!-- tv.hooq.web.scripts.HOOQ_Web_ActiveUser_Subscription_CashCard -->
